[2021/11/15 11:09:41.272] - Starting server with initial configuration: {"gasLimit":6721975,"gasPrice":20000000000,"hardfork":"muirGlacier","hostname":"127.0.0.1","port":7545,"network_id":5777,"default_balance_ether":150,"total_accounts":5,"unlocked_accounts":[],"locked":false,"vmErrorsOnRPCResponse":true,"verbose":false,"db_path":"C:\\Users\\Kalom\\AppData\\Roaming\\Ganache\\workspaces\\Smart-Contract\\chaindata","logDirectory":"D:\\Udemy\\Crea-DApps-con-Tokens-NFT-en-Ethereum-usando-Truffle-y-React\\logs"}
[2021/11/15 11:09:41.386] - eth_subscribe
[2021/11/15 11:09:41.389] - eth_getLogs
[2021/11/15 11:09:41.390] - eth_subscribe
[2021/11/15 11:09:41.508] - eth_subscribe
[2021/11/15 11:09:41.510] - eth_getLogs
[2021/11/15 11:09:41.511] - eth_subscribe
[2021/11/15 11:09:41.558] - eth_blockNumber
[2021/11/15 11:09:41.559] - eth_accounts
[2021/11/15 11:09:41.560] - eth_gasPrice
[2021/11/15 11:09:41.562] - eth_getBlockByNumber
[2021/11/15 11:09:41.563] - eth_blockNumber
[2021/11/15 11:09:41.564] - eth_subscribe
[2021/11/15 11:09:41.565] - eth_accounts
[2021/11/15 11:09:41.567] - eth_gasPrice
[2021/11/15 11:09:41.583] - eth_accounts
[2021/11/15 11:09:41.584] - eth_getBlockByNumber
[2021/11/15 11:09:41.584] - eth_subscribe
[2021/11/15 11:09:41.649] - eth_getBalance
[2021/11/15 11:09:41.656] - eth_getTransactionCount
[2021/11/15 11:09:41.660] - eth_getBalance
[2021/11/15 11:09:41.667] - eth_getTransactionCount
[2021/11/15 11:09:41.671] - eth_getBalance
[2021/11/15 11:09:41.677] - eth_getTransactionCount
[2021/11/15 11:09:41.682] - eth_getBalance
[2021/11/15 11:09:41.684] - eth_getTransactionCount
[2021/11/15 11:09:41.689] - eth_getBalance
[2021/11/15 11:09:41.693] - eth_getTransactionCount
[2021/11/15 11:09:41.697] - eth_getBalance
[2021/11/15 11:09:41.698] - eth_getTransactionCount
[2021/11/15 11:09:41.701] - eth_getBalance
[2021/11/15 11:09:41.705] - eth_getTransactionCount
[2021/11/15 11:09:41.708] - eth_getBalance
[2021/11/15 11:09:41.711] - eth_getTransactionCount
[2021/11/15 11:09:41.714] - eth_getBalance
[2021/11/15 11:09:41.716] - eth_getTransactionCount
[2021/11/15 11:09:41.719] - eth_getBalance
[2021/11/15 11:09:41.721] - eth_getTransactionCount
[2021/11/15 11:09:41.732] - eth_getBalance
[2021/11/15 11:09:41.735] - eth_getTransactionCount
[2021/11/15 11:09:41.738] - eth_getBalance
[2021/11/15 11:09:41.741] - eth_getTransactionCount
[2021/11/15 11:09:41.744] - eth_getBalance
[2021/11/15 11:09:41.746] - eth_getTransactionCount
[2021/11/15 11:09:41.748] - eth_getBalance
[2021/11/15 11:09:41.752] - eth_getTransactionCount
[2021/11/15 11:09:41.755] - eth_getBalance
[2021/11/15 11:09:41.757] - eth_getTransactionCount
[2021/11/15 11:09:41.760] - eth_getBalance
[2021/11/15 11:09:41.762] - eth_getTransactionCount
[2021/11/15 11:09:41.763] - eth_getBalance
[2021/11/15 11:09:41.767] - eth_getTransactionCount
[2021/11/15 11:09:41.770] - eth_getBalance
[2021/11/15 11:09:41.780] - eth_getTransactionCount
[2021/11/15 11:09:41.781] - eth_getBalance
[2021/11/15 11:09:41.782] - eth_getTransactionCount
[2021/11/15 11:09:41.786] - eth_getBalance
[2021/11/15 11:09:41.789] - eth_getTransactionCount
[2021/11/15 11:09:41.858] - eth_getBalance
[2021/11/15 11:09:41.862] - eth_getTransactionCount
[2021/11/15 11:09:41.865] - eth_getBalance
[2021/11/15 11:09:41.868] - eth_getTransactionCount
[2021/11/15 11:09:41.871] - eth_getBalance
[2021/11/15 11:09:41.872] - eth_getTransactionCount
[2021/11/15 11:09:41.875] - eth_getBalance
[2021/11/15 11:09:41.881] - eth_getTransactionCount
[2021/11/15 11:09:41.881] - eth_getBalance
[2021/11/15 11:09:41.882] - eth_getTransactionCount
[2021/11/15 11:09:41.884] - eth_getBalance
[2021/11/15 11:09:41.889] - eth_getTransactionCount
[2021/11/15 11:09:41.891] - eth_getBalance
[2021/11/15 11:09:41.893] - eth_getTransactionCount
[2021/11/15 11:09:41.897] - eth_getBalance
[2021/11/15 11:09:41.899] - eth_getTransactionCount
[2021/11/15 11:09:41.902] - eth_getBalance
[2021/11/15 11:09:41.905] - eth_getTransactionCount
[2021/11/15 11:09:41.907] - eth_getBalance
[2021/11/15 11:09:41.909] - eth_getTransactionCount
[2021/11/15 11:09:41.911] - eth_getBalance
[2021/11/15 11:09:41.913] - eth_getTransactionCount
[2021/11/15 11:09:41.915] - eth_getBalance
[2021/11/15 11:09:41.920] - eth_getTransactionCount
[2021/11/15 11:09:41.921] - eth_getBalance
[2021/11/15 11:09:41.924] - eth_getTransactionCount
[2021/11/15 11:09:41.925] - eth_getBalance
[2021/11/15 11:09:41.928] - eth_getTransactionCount
[2021/11/15 11:09:41.931] - eth_getBalance
[2021/11/15 11:09:41.933] - eth_getTransactionCount
[2021/11/15 11:09:41.935] - eth_getBalance
[2021/11/15 11:09:41.938] - eth_getTransactionCount
[2021/11/15 11:09:41.941] - eth_getBalance
[2021/11/15 11:09:41.942] - eth_getTransactionCount
[2021/11/15 11:09:41.945] - eth_getBalance
[2021/11/15 11:09:41.948] - eth_getTransactionCount
[2021/11/15 11:09:41.951] - eth_getBalance
[2021/11/15 11:09:41.953] - eth_getTransactionCount
[2021/11/15 11:09:41.956] - eth_getBalance
[2021/11/15 11:09:41.957] - eth_getTransactionCount
[2021/11/15 11:09:41.967] - eth_getBalance
[2021/11/15 11:09:41.967] - eth_getTransactionCount
[2021/11/15 11:09:41.969] - eth_getBalance
[2021/11/15 11:09:41.970] - eth_getTransactionCount
[2021/11/15 11:09:41.971] - eth_getBalance
[2021/11/15 11:09:41.971] - eth_getTransactionCount
[2021/11/15 11:09:41.973] - eth_getBalance
[2021/11/15 11:09:41.976] - eth_getTransactionCount
[2021/11/15 11:09:41.979] - eth_getBalance
[2021/11/15 11:09:41.983] - eth_getTransactionCount
[2021/11/15 11:09:42.015] - eth_getBalance
[2021/11/15 11:09:42.016] - eth_getTransactionCount
[2021/11/15 11:09:42.019] - eth_getBalance
[2021/11/15 11:09:42.022] - eth_getTransactionCount
[2021/11/15 11:09:42.023] - eth_getBalance
[2021/11/15 11:09:42.025] - eth_getTransactionCount
[2021/11/15 11:09:42.027] - eth_getBalance
[2021/11/15 11:09:42.030] - eth_getTransactionCount
[2021/11/15 11:09:42.032] - eth_getBalance
[2021/11/15 11:09:42.036] - eth_getTransactionCount
[2021/11/15 11:20:00.574] - eth_getBlockByNumber
[2021/11/15 11:20:00.593] - eth_getBlockTransactionCountByHash
[2021/11/15 11:20:03.150] - eth_unsubscribe
[2021/11/15 11:20:03.151] - eth_unsubscribe
