[2021/11/15 12:18:25.873] - Starting server with initial configuration: {"gasLimit":6721975,"gasPrice":20000000000,"hardfork":"muirGlacier","hostname":"192.168.1.133","port":7545,"network_id":5777,"default_balance_ether":300,"total_accounts":5,"unlocked_accounts":[],"locked":false,"vmErrorsOnRPCResponse":true,"verbose":false,"db_path":"C:\\Users\\Kalom\\AppData\\Roaming\\Ganache\\workspaces\\envious-box\\chaindata","logDirectory":"D:\\Udemy\\Crea-DApps-con-Tokens-NFT-en-Ethereum-usando-Truffle-y-React\\logs"}
[2021/11/15 12:18:26.070] - eth_subscribe
[2021/11/15 12:18:26.071] - eth_getLogs
[2021/11/15 12:18:26.072] - eth_subscribe
[2021/11/15 12:18:26.089] - eth_subscribe
[2021/11/15 12:18:26.090] - eth_getLogs
[2021/11/15 12:18:26.091] - eth_subscribe
[2021/11/15 12:18:26.122] - eth_getBlockByNumber
[2021/11/15 12:18:26.122] - eth_subscribe
[2021/11/15 12:18:26.131] - eth_blockNumber
[2021/11/15 12:18:26.132] - eth_accounts
[2021/11/15 12:18:26.132] - eth_gasPrice
[2021/11/15 12:18:26.133] - eth_blockNumber
[2021/11/15 12:18:26.134] - eth_getBlockByNumber
[2021/11/15 12:18:26.134] - eth_accounts
[2021/11/15 12:18:26.136] - eth_subscribe
[2021/11/15 12:18:26.136] - eth_gasPrice
[2021/11/15 12:18:26.148] - eth_accounts
[2021/11/15 12:18:26.158] - eth_getBalance
[2021/11/15 12:18:26.160] - eth_getTransactionCount
[2021/11/15 12:18:26.163] - eth_getBalance
[2021/11/15 12:18:26.167] - eth_getTransactionCount
[2021/11/15 12:18:26.170] - eth_getBalance
[2021/11/15 12:18:26.171] - eth_getTransactionCount
[2021/11/15 12:18:26.174] - eth_getBalance
[2021/11/15 12:18:26.177] - eth_getTransactionCount
[2021/11/15 12:18:26.179] - eth_getBalance
[2021/11/15 12:18:26.180] - eth_getTransactionCount
[2021/11/15 12:18:26.203] - eth_getBalance
[2021/11/15 12:18:26.205] - eth_getTransactionCount
[2021/11/15 12:18:26.207] - eth_getBalance
[2021/11/15 12:18:26.208] - eth_getTransactionCount
[2021/11/15 12:18:26.211] - eth_getBalance
[2021/11/15 12:18:26.214] - eth_getTransactionCount
[2021/11/15 12:18:26.214] - eth_getBalance
[2021/11/15 12:18:26.216] - eth_getTransactionCount
[2021/11/15 12:18:26.218] - eth_getBalance
[2021/11/15 12:18:26.219] - eth_getTransactionCount
[2021/11/15 12:18:26.223] - eth_getBalance
[2021/11/15 12:18:26.224] - eth_getTransactionCount
[2021/11/15 12:18:26.226] - eth_getBalance
[2021/11/15 12:18:26.229] - eth_getTransactionCount
[2021/11/15 12:18:26.230] - eth_getBalance
[2021/11/15 12:18:26.233] - eth_getTransactionCount
[2021/11/15 12:18:26.234] - eth_getBalance
[2021/11/15 12:18:26.236] - eth_getTransactionCount
[2021/11/15 12:18:26.238] - eth_getBalance
[2021/11/15 12:18:26.239] - eth_getTransactionCount
[2021/11/15 12:18:26.264] - eth_getBalance
[2021/11/15 12:18:26.267] - eth_getTransactionCount
[2021/11/15 12:18:26.268] - eth_getBalance
[2021/11/15 12:18:26.271] - eth_getTransactionCount
[2021/11/15 12:18:26.272] - eth_getBalance
[2021/11/15 12:18:26.274] - eth_getTransactionCount
[2021/11/15 12:18:26.281] - eth_getBalance
[2021/11/15 12:18:26.282] - eth_getTransactionCount
[2021/11/15 12:18:40.604] - eth_unsubscribe
[2021/11/15 12:18:40.605] - eth_unsubscribe
