[2021/11/15 10:55:11.199] - Starting server with initial configuration: {"gasLimit":6721975,"gasPrice":20000000000,"hardfork":"muirGlacier","hostname":"127.0.0.1","port":7545,"network_id":5777,"default_balance_ether":250,"total_accounts":3,"unlocked_accounts":[],"locked":false,"vmErrorsOnRPCResponse":true,"verbose":false,"db_path":"C:\\Users\\Kalom\\AppData\\Roaming\\Ganache\\workspaces\\kalom\\chaindata","logDirectory":"D:\\Udemy\\Crea-DApps-con-Tokens-NFT-en-Ethereum-usando-Truffle-y-React\\logs"}
[2021/11/15 10:55:11.299] - eth_subscribe
[2021/11/15 10:55:11.300] - eth_getLogs
[2021/11/15 10:55:11.300] - eth_subscribe
[2021/11/15 10:55:11.317] - eth_subscribe
[2021/11/15 10:55:11.318] - eth_getLogs
[2021/11/15 10:55:11.319] - eth_subscribe
[2021/11/15 10:55:11.338] - eth_blockNumber
[2021/11/15 10:55:11.339] - eth_accounts
[2021/11/15 10:55:11.340] - eth_gasPrice
[2021/11/15 10:55:11.340] - eth_getBlockByNumber
[2021/11/15 10:55:11.341] - eth_subscribe
[2021/11/15 10:55:11.348] - eth_accounts
[2021/11/15 10:55:11.357] - eth_getBalance
[2021/11/15 10:55:11.360] - eth_getTransactionCount
[2021/11/15 10:55:11.362] - eth_getBalance
[2021/11/15 10:55:11.364] - eth_getTransactionCount
[2021/11/15 10:55:11.366] - eth_getBalance
[2021/11/15 10:55:11.367] - eth_getTransactionCount
[2021/11/15 10:55:11.371] - eth_blockNumber
[2021/11/15 10:55:11.371] - eth_accounts
[2021/11/15 10:55:11.373] - eth_gasPrice
[2021/11/15 10:55:11.381] - eth_getBlockByNumber
[2021/11/15 10:55:11.382] - eth_subscribe
[2021/11/15 10:55:11.394] - eth_getTransactionCount
[2021/11/15 10:55:11.394] - eth_getBalance
[2021/11/15 10:55:11.397] - eth_getTransactionCount
[2021/11/15 10:55:11.399] - eth_getBalance
[2021/11/15 10:55:11.399] - eth_getTransactionCount
[2021/11/15 10:55:11.433] - eth_getBalance
[2021/11/15 10:55:11.436] - eth_getTransactionCount
[2021/11/15 10:55:11.436] - eth_getBalance
[2021/11/15 10:55:11.438] - eth_getTransactionCount
[2021/11/15 10:55:11.440] - eth_getBalance
[2021/11/15 10:55:11.440] - eth_getTransactionCount
[2021/11/15 10:55:11.442] - eth_getBalance
[2021/11/15 10:55:11.447] - eth_getTransactionCount
[2021/11/15 10:55:11.448] - eth_getBalance
[2021/11/15 10:55:11.449] - eth_getTransactionCount
[2021/11/15 10:55:11.451] - eth_getBalance
[2021/11/15 10:55:11.452] - eth_getTransactionCount
[2021/11/15 10:55:28.078] - eth_getBlockByNumber
[2021/11/15 10:55:29.594] - eth_getBlockByNumber
[2021/11/15 10:55:29.615] - eth_getBlockTransactionCountByHash
[2021/11/15 10:55:53.954] - eth_unsubscribe
[2021/11/15 10:55:53.955] - eth_unsubscribe
