[2021/11/15 10:48:00.512] - Starting server with initial configuration: {"gasLimit":6721975,"gasPrice":20000000000,"hardfork":"muirGlacier","hostname":"127.0.0.1","port":7545,"network_id":5777,"default_balance_ether":250,"total_accounts":3,"unlocked_accounts":[],"locked":false,"vmErrorsOnRPCResponse":true,"verbose":false,"db_path":"C:\\Users\\Kalom\\AppData\\Roaming\\Ganache\\workspaces\\far-bushes\\chaindata","logDirectory":"D:\\Udemy\\Crea-DApps-con-Tokens-NFT-en-Ethereum-usando-Truffle-y-React\\logs"}
[2021/11/15 10:48:00.759] - eth_subscribe
[2021/11/15 10:48:00.760] - eth_getLogs
[2021/11/15 10:48:00.761] - eth_subscribe
[2021/11/15 10:48:00.782] - eth_subscribe
[2021/11/15 10:48:00.783] - eth_getLogs
[2021/11/15 10:48:00.784] - eth_subscribe
[2021/11/15 10:48:00.835] - eth_blockNumber
[2021/11/15 10:48:00.836] - eth_accounts
[2021/11/15 10:48:00.837] - eth_blockNumber
[2021/11/15 10:48:00.838] - eth_gasPrice
[2021/11/15 10:48:00.839] - eth_accounts
[2021/11/15 10:48:00.840] - eth_getBlockByNumber
[2021/11/15 10:48:00.841] - eth_gasPrice
[2021/11/15 10:48:00.842] - eth_subscribe
[2021/11/15 10:48:00.842] - eth_getBlockByNumber
[2021/11/15 10:48:00.843] - eth_subscribe
[2021/11/15 10:48:00.850] - eth_accounts
[2021/11/15 10:48:00.874] - eth_getBalance
[2021/11/15 10:48:00.876] - eth_getTransactionCount
[2021/11/15 10:48:00.879] - eth_getBalance
[2021/11/15 10:48:00.881] - eth_getTransactionCount
[2021/11/15 10:48:00.883] - eth_getBalance
[2021/11/15 10:48:00.887] - eth_getTransactionCount
[2021/11/15 10:48:00.895] - eth_getBalance
[2021/11/15 10:48:00.896] - eth_getTransactionCount
[2021/11/15 10:48:00.900] - eth_getBalance
[2021/11/15 10:48:00.901] - eth_getTransactionCount
[2021/11/15 10:48:00.903] - eth_getBalance
[2021/11/15 10:48:00.905] - eth_getTransactionCount
[2021/11/15 10:48:00.907] - eth_getBalance
[2021/11/15 10:48:00.913] - eth_getTransactionCount
[2021/11/15 10:48:00.914] - eth_getBalance
[2021/11/15 10:48:00.916] - eth_getTransactionCount
[2021/11/15 10:48:00.918] - eth_getBalance
[2021/11/15 10:48:00.921] - eth_getTransactionCount
[2021/11/15 10:48:00.955] - eth_getBalance
[2021/11/15 10:48:00.957] - eth_getTransactionCount
[2021/11/15 10:48:00.959] - eth_getBalance
[2021/11/15 10:48:00.960] - eth_getTransactionCount
[2021/11/15 10:48:00.963] - eth_getBalance
[2021/11/15 10:48:00.965] - eth_getTransactionCount
[2021/11/15 10:49:49.133] - eth_unsubscribe
[2021/11/15 10:49:49.134] - eth_unsubscribe
