[2021/11/15 10:55:07.076] - Starting server with initial configuration: {"gasLimit":6721975,"gasPrice":20000000000,"hardfork":"muirGlacier","hostname":"127.0.0.1","port":7545,"network_id":5777,"default_balance_ether":250,"total_accounts":3,"unlocked_accounts":[],"locked":false,"vmErrorsOnRPCResponse":true,"verbose":false,"db_path":"C:\\Users\\Kalom\\AppData\\Roaming\\Ganache\\workspaces\\kalom\\chaindata","logDirectory":"D:\\Udemy\\Crea-DApps-con-Tokens-NFT-en-Ethereum-usando-Truffle-y-React\\logs"}
[2021/11/15 10:55:07.128] - eth_subscribe
[2021/11/15 10:55:07.129] - eth_getLogs
[2021/11/15 10:55:07.131] - eth_subscribe
[2021/11/15 10:55:07.145] - eth_subscribe
[2021/11/15 10:55:07.146] - eth_getLogs
[2021/11/15 10:55:07.150] - eth_subscribe
[2021/11/15 10:55:07.186] - eth_blockNumber
[2021/11/15 10:55:07.187] - eth_accounts
[2021/11/15 10:55:07.187] - eth_gasPrice
[2021/11/15 10:55:07.188] - eth_getBlockByNumber
[2021/11/15 10:55:07.189] - eth_subscribe
[2021/11/15 10:55:07.194] - eth_accounts
[2021/11/15 10:55:07.195] - eth_blockNumber
[2021/11/15 10:55:07.196] - eth_accounts
[2021/11/15 10:55:07.197] - eth_gasPrice
[2021/11/15 10:55:07.197] - eth_getBlockByNumber
[2021/11/15 10:55:07.204] - eth_getBalance
[2021/11/15 10:55:07.205] - eth_getTransactionCount
[2021/11/15 10:55:07.208] - eth_getBalance
[2021/11/15 10:55:07.212] - eth_getTransactionCount
[2021/11/15 10:55:07.213] - eth_getBalance
[2021/11/15 10:55:07.216] - eth_getTransactionCount
[2021/11/15 10:55:07.218] - eth_subscribe
[2021/11/15 10:55:07.251] - eth_getBalance
[2021/11/15 10:55:07.252] - eth_getTransactionCount
[2021/11/15 10:55:07.254] - eth_getBalance
[2021/11/15 10:55:07.258] - eth_getTransactionCount
[2021/11/15 10:55:07.260] - eth_getBalance
[2021/11/15 10:55:07.261] - eth_getTransactionCount
[2021/11/15 10:55:07.262] - eth_getBalance
[2021/11/15 10:55:07.264] - eth_getTransactionCount
[2021/11/15 10:55:07.267] - eth_getBalance
[2021/11/15 10:55:07.268] - eth_getTransactionCount
[2021/11/15 10:55:07.271] - eth_getBalance
[2021/11/15 10:55:07.272] - eth_getTransactionCount
[2021/11/15 10:55:07.274] - eth_getBalance
[2021/11/15 10:55:07.277] - eth_getTransactionCount
[2021/11/15 10:55:07.279] - eth_getBalance
[2021/11/15 10:55:07.281] - eth_getTransactionCount
[2021/11/15 10:55:07.283] - eth_getBalance
[2021/11/15 10:55:07.284] - eth_getTransactionCount
[2021/11/15 10:55:11.193] - eth_unsubscribe
[2021/11/15 10:55:11.194] - eth_unsubscribe
