[2021/11/15 10:56:40.493] - Starting server with initial configuration: {"gasLimit":6721975,"gasPrice":20000000000,"hardfork":"muirGlacier","hostname":"127.0.0.1","port":7545,"network_id":5777,"default_balance_ether":150,"total_accounts":5,"unlocked_accounts":[],"locked":false,"vmErrorsOnRPCResponse":true,"verbose":false,"db_path":"C:\\Users\\Kalom\\AppData\\Roaming\\Ganache\\workspaces\\incompetent-paste\\chaindata","logDirectory":"D:\\Udemy\\Crea-DApps-con-Tokens-NFT-en-Ethereum-usando-Truffle-y-React\\logs"}
[2021/11/15 10:56:40.656] - eth_subscribe
[2021/11/15 10:56:40.657] - eth_getLogs
[2021/11/15 10:56:40.658] - eth_subscribe
[2021/11/15 10:56:40.686] - eth_subscribe
[2021/11/15 10:56:40.687] - eth_getLogs
[2021/11/15 10:56:40.689] - eth_subscribe
[2021/11/15 10:56:40.707] - eth_accounts
[2021/11/15 10:56:40.708] - eth_gasPrice
[2021/11/15 10:56:40.708] - eth_getBlockByNumber
[2021/11/15 10:56:40.709] - eth_subscribe
[2021/11/15 10:56:40.717] - eth_getBalance
[2021/11/15 10:56:40.719] - eth_getTransactionCount
[2021/11/15 10:56:40.721] - eth_getBalance
[2021/11/15 10:56:40.724] - eth_getTransactionCount
[2021/11/15 10:56:40.725] - eth_getBalance
[2021/11/15 10:56:40.727] - eth_getTransactionCount
[2021/11/15 10:56:40.730] - eth_getBalance
[2021/11/15 10:56:40.731] - eth_getTransactionCount
[2021/11/15 10:56:40.734] - eth_getBalance
[2021/11/15 10:56:40.735] - eth_getTransactionCount
[2021/11/15 10:56:40.741] - eth_blockNumber
[2021/11/15 10:56:40.742] - eth_accounts
[2021/11/15 10:56:40.743] - eth_gasPrice
[2021/11/15 10:56:40.763] - eth_getBlockByNumber
[2021/11/15 10:56:40.764] - eth_subscribe
[2021/11/15 10:56:40.765] - eth_blockNumber
[2021/11/15 10:56:40.819] - eth_getBalance
[2021/11/15 10:56:40.822] - eth_getTransactionCount
[2021/11/15 10:56:40.823] - eth_getBalance
[2021/11/15 10:56:40.824] - eth_getTransactionCount
[2021/11/15 10:56:40.827] - eth_getBalance
[2021/11/15 10:56:40.828] - eth_getTransactionCount
[2021/11/15 10:56:40.830] - eth_getBalance
[2021/11/15 10:56:40.833] - eth_getTransactionCount
[2021/11/15 10:56:40.836] - eth_getBalance
[2021/11/15 10:56:40.838] - eth_getTransactionCount
[2021/11/15 10:56:40.853] - eth_getBalance
[2021/11/15 10:56:40.855] - eth_getTransactionCount
[2021/11/15 10:56:40.857] - eth_getBalance
[2021/11/15 10:56:40.858] - eth_getTransactionCount
[2021/11/15 10:56:40.862] - eth_getBalance
[2021/11/15 10:56:40.865] - eth_getTransactionCount
[2021/11/15 10:56:40.868] - eth_getBalance
[2021/11/15 10:56:40.869] - eth_getTransactionCount
[2021/11/15 10:56:40.872] - eth_getBalance
[2021/11/15 10:56:40.877] - eth_getTransactionCount
[2021/11/15 10:56:40.898] - eth_getBalance
[2021/11/15 10:56:40.901] - eth_getTransactionCount
[2021/11/15 10:56:40.902] - eth_getBalance
[2021/11/15 10:56:40.904] - eth_getTransactionCount
[2021/11/15 10:56:40.908] - eth_getBalance
[2021/11/15 10:56:40.911] - eth_getTransactionCount
[2021/11/15 10:56:40.913] - eth_getBalance
[2021/11/15 10:56:40.914] - eth_getTransactionCount
[2021/11/15 10:56:40.917] - eth_getBalance
[2021/11/15 10:56:40.919] - eth_getTransactionCount
[2021/11/15 11:08:29.568] - eth_unsubscribe
[2021/11/15 11:08:29.569] - eth_unsubscribe
