[2021/11/15 10:50:49.917] - Starting server with initial configuration: {"gasLimit":6721975,"gasPrice":20000000000,"hardfork":"muirGlacier","hostname":"127.0.0.1","port":7545,"network_id":5777,"default_balance_ether":250,"total_accounts":3,"unlocked_accounts":[],"locked":false,"vmErrorsOnRPCResponse":true,"verbose":false,"db_path":"C:\\Users\\Kalom\\AppData\\Roaming\\Ganache\\workspaces\\kalom\\chaindata","logDirectory":"D:\\Udemy\\Crea-DApps-con-Tokens-NFT-en-Ethereum-usando-Truffle-y-React\\logs"}
[2021/11/15 10:50:49.993] - eth_subscribe
[2021/11/15 10:50:49.995] - eth_getLogs
[2021/11/15 10:50:49.996] - eth_subscribe
[2021/11/15 10:50:50.014] - eth_subscribe
[2021/11/15 10:50:50.014] - eth_getLogs
[2021/11/15 10:50:50.016] - eth_subscribe
[2021/11/15 10:50:50.063] - eth_blockNumber
[2021/11/15 10:50:50.064] - eth_accounts
[2021/11/15 10:50:50.065] - eth_blockNumber
[2021/11/15 10:50:50.066] - eth_gasPrice
[2021/11/15 10:50:50.067] - eth_accounts
[2021/11/15 10:50:50.068] - eth_getBlockByNumber
[2021/11/15 10:50:50.069] - eth_gasPrice
[2021/11/15 10:50:50.070] - eth_subscribe
[2021/11/15 10:50:50.071] - eth_getBlockByNumber
[2021/11/15 10:50:50.072] - eth_subscribe
[2021/11/15 10:50:50.077] - eth_accounts
[2021/11/15 10:50:50.102] - eth_getBalance
[2021/11/15 10:50:50.105] - eth_getTransactionCount
[2021/11/15 10:50:50.106] - eth_getBalance
[2021/11/15 10:50:50.109] - eth_getTransactionCount
[2021/11/15 10:50:50.112] - eth_getBalance
[2021/11/15 10:50:50.115] - eth_getTransactionCount
[2021/11/15 10:50:50.127] - eth_getBalance
[2021/11/15 10:50:50.128] - eth_getTransactionCount
[2021/11/15 10:50:50.129] - eth_getBalance
[2021/11/15 10:50:50.130] - eth_getTransactionCount
[2021/11/15 10:50:50.132] - eth_getBalance
[2021/11/15 10:50:50.134] - eth_getTransactionCount
[2021/11/15 10:50:50.138] - eth_getBalance
[2021/11/15 10:50:50.141] - eth_getTransactionCount
[2021/11/15 10:50:50.143] - eth_getBalance
[2021/11/15 10:50:50.144] - eth_getTransactionCount
[2021/11/15 10:50:50.145] - eth_getBalance
[2021/11/15 10:50:50.147] - eth_getTransactionCount
[2021/11/15 10:50:50.184] - eth_getBalance
[2021/11/15 10:50:50.187] - eth_getTransactionCount
[2021/11/15 10:50:50.188] - eth_getBalance
[2021/11/15 10:50:50.190] - eth_getTransactionCount
[2021/11/15 10:50:50.191] - eth_getBalance
[2021/11/15 10:50:50.193] - eth_getTransactionCount
[2021/11/15 10:51:08.462] - eth_getBlockByNumber
[2021/11/15 10:55:04.495] - eth_unsubscribe
[2021/11/15 10:55:04.495] - eth_unsubscribe
